# JRE version: OpenJDK Runtime Environment (8.0_212-b04) (build 1.8.0_212-release-1586-b04)
# Java VM: OpenJDK 64-Bit Server VM (25.212-b04 mixed mode windows-amd64 compressed oops)
Heap:
 PSYoungGen      total 76800K, used 17148K [0x00000000e0000000, 0x00000000e7400000, 0x0000000100000000)
  eden space 59392K, 0% used [0x00000000e0000000,0x00000000e0000000,0x00000000e3a00000)
  from space 17408K, 98% used [0x00000000e3c00000,0x00000000e4cbf058,0x00000000e4d00000)
  to   space 29696K, 0% used [0x00000000e5700000,0x00000000e5700000,0x00000000e7400000)
 ParOldGen       total 65536K, used 55101K [0x00000000a0000000, 0x00000000a4000000, 0x00000000e0000000)
  object space 65536K, 84% used [0x00000000a0000000,0x00000000a35cf440,0x00000000a4000000)
 Metaspace       used 91252K, capacity 95054K, committed 95148K, reserved 1132544K
  class space    used 11888K, capacity 12709K, committed 12716K, reserved 1048576K
GC Heap History (10 events):
Event: 1567.097 GC heap after
Heap after GC invocations=34 (full 3):
 PSYoungGen      total 84480K, used 16179K [0x00000000e0000000, 0x00000000e7580000, 0x0000000100000000)
  eden space 68096K, 0% used [0x00000000e0000000,0x00000000e0000000,0x00000000e4280000)
  from space 16384K, 98% used [0x00000000e4500000,0x00000000e54ccf00,0x00000000e5500000)
  to   space 26112K, 0% used [0x00000000e5c00000,0x00000000e5c00000,0x00000000e7580000)
 ParOldGen       total 65536K, used 48992K [0x00000000a0000000, 0x00000000a4000000, 0x00000000e0000000)
  object space 65536K, 74% used [0x00000000a0000000,0x00000000a2fd8118,0x00000000a4000000)
 Metaspace       used 78949K, capacity 82392K, committed 82560K, reserved 1120256K
  class space    used 10281K, capacity 11020K, committed 11136K, reserved 1048576K
}
Event: 1570.077 GC heap before
{Heap before GC invocations=35 (full 3):
 PSYoungGen      total 84480K, used 84275K [0x00000000e0000000, 0x00000000e7580000, 0x0000000100000000)
  eden space 68096K, 100% used [0x00000000e0000000,0x00000000e4280000,0x00000000e4280000)
  from space 16384K, 98% used [0x00000000e4500000,0x00000000e54ccf00,0x00000000e5500000)
  to   space 26112K, 0% used [0x00000000e5c00000,0x00000000e5c00000,0x00000000e7580000)
 ParOldGen       total 65536K, used 48992K [0x00000000a0000000, 0x00000000a4000000, 0x00000000e0000000)
  object space 65536K, 74% used [0x00000000a0000000,0x00000000a2fd8118,0x00000000a4000000)
 Metaspace       used 80599K, capacity 83944K, committed 84224K, reserved 1122304K
  class space    used 10487K, capacity 11208K, committed 11264K, reserved 1048576K
Event: 1570.101 GC heap after
Heap after GC invocations=35 (full 3):
 PSYoungGen      total 91136K, used 17657K [0x00000000e0000000, 0x00000000e7500000, 0x0000000100000000)
  eden space 65536K, 0% used [0x00000000e0000000,0x00000000e0000000,0x00000000e4000000)
  from space 25600K, 68% used [0x00000000e5c00000,0x00000000e6d3e7b0,0x00000000e7500000)
  to   space 27136K, 0% used [0x00000000e4000000,0x00000000e4000000,0x00000000e5a80000)
 ParOldGen       total 65536K, used 49000K [0x00000000a0000000, 0x00000000a4000000, 0x00000000e0000000)
  object space 65536K, 74% used [0x00000000a0000000,0x00000000a2fda118,0x00000000a4000000)
 Metaspace       used 80599K, capacity 83944K, committed 84224K, reserved 1122304K
  class space    used 10487K, capacity 11208K, committed 11264K, reserved 1048576K
}
Event: 1676.296 GC heap before
{Heap before GC invocations=36 (full 3):
 PSYoungGen      total 91136K, used 83193K [0x00000000e0000000, 0x00000000e7500000, 0x0000000100000000)
  eden space 65536K, 100% used [0x00000000e0000000,0x00000000e4000000,0x00000000e4000000)
  from space 25600K, 68% used [0x00000000e5c00000,0x00000000e6d3e7b0,0x00000000e7500000)
  to   space 27136K, 0% used [0x00000000e4000000,0x00000000e4000000,0x00000000e5a80000)
 ParOldGen       total 65536K, used 49000K [0x00000000a0000000, 0x00000000a4000000, 0x00000000e0000000)
  object space 65536K, 74% used [0x00000000a0000000,0x00000000a2fda118,0x00000000a4000000)
 Metaspace       used 83253K, capacity 86800K, committed 86912K, reserved 1124352K
  class space    used 10868K, capacity 11606K, committed 11648K, reserved 1048576K
Event: 1676.323 GC heap after
Heap after GC invocations=36 (full 3):
 PSYoungGen      total 82432K, used 18873K [0x00000000e0000000, 0x00000000e7500000, 0x0000000100000000)
  eden space 63488K, 0% used [0x00000000e0000000,0x00000000e0000000,0x00000000e3e00000)
  from space 18944K, 99% used [0x00000000e4000000,0x00000000e526e7b8,0x00000000e5280000)
  to   space 28160K, 0% used [0x00000000e5980000,0x00000000e5980000,0x00000000e7500000)
 ParOldGen       total 65536K, used 51108K [0x00000000a0000000, 0x00000000a4000000, 0x00000000e0000000)
  object space 65536K, 77% used [0x00000000a0000000,0x00000000a31e9000,0x00000000a4000000)
 Metaspace       used 83253K, capacity 86800K, committed 86912K, reserved 1124352K
  class space    used 10868K, capacity 11606K, committed 11648K, reserved 1048576K
}
Event: 1680.812 GC heap before
{Heap before GC invocations=37 (full 3):
 PSYoungGen      total 82432K, used 82361K [0x00000000e0000000, 0x00000000e7500000, 0x0000000100000000)
  eden space 63488K, 100% used [0x00000000e0000000,0x00000000e3e00000,0x00000000e3e00000)
  from space 18944K, 99% used [0x00000000e4000000,0x00000000e526e7b8,0x00000000e5280000)
  to   space 28160K, 0% used [0x00000000e5980000,0x00000000e5980000,0x00000000e7500000)
 ParOldGen       total 65536K, used 51108K [0x00000000a0000000, 0x00000000a4000000, 0x00000000e0000000)
  object space 65536K, 77% used [0x00000000a0000000,0x00000000a31e9000,0x00000000a4000000)
 Metaspace       used 88210K, capacity 91802K, committed 91904K, reserved 1128448K
  class space    used 11428K, capacity 12187K, committed 12288K, reserved 1048576K
Event: 1680.849 GC heap after
Heap after GC invocations=37 (full 3):
 PSYoungGen      total 89600K, used 20833K [0x00000000e0000000, 0x00000000e7700000, 0x0000000100000000)
  eden space 61440K, 0% used [0x00000000e0000000,0x00000000e0000000,0x00000000e3c00000)
  from space 28160K, 73% used [0x00000000e5980000,0x00000000e6dd8528,0x00000000e7500000)
  to   space 30208K, 0% used [0x00000000e3c00000,0x00000000e3c00000,0x00000000e5980000)
 ParOldGen       total 65536K, used 51116K [0x00000000a0000000, 0x00000000a4000000, 0x00000000e0000000)
  object space 65536K, 77% used [0x00000000a0000000,0x00000000a31eb000,0x00000000a4000000)
 Metaspace       used 88210K, capacity 91802K, committed 91904K, reserved 1128448K
  class space    used 11428K, capacity 12187K, committed 12288K, reserved 1048576K
}
Event: 1685.629 GC heap before
{Heap before GC invocations=38 (full 3):
 PSYoungGen      total 89600K, used 48019K [0x00000000e0000000, 0x00000000e7700000, 0x0000000100000000)
  eden space 61440K, 44% used [0x00000000e0000000,0x00000000e1a8c9d0,0x00000000e3c00000)
  from space 28160K, 73% used [0x00000000e5980000,0x00000000e6dd8528,0x00000000e7500000)
  to   space 30208K, 0% used [0x00000000e3c00000,0x00000000e3c00000,0x00000000e5980000)
 ParOldGen       total 65536K, used 51116K [0x00000000a0000000, 0x00000000a4000000, 0x00000000e0000000)
  object space 65536K, 77% used [0x00000000a0000000,0x00000000a31eb000,0x00000000a4000000)
 Metaspace       used 91252K, capacity 95054K, committed 95148K, reserved 1132544K
  class space    used 11888K, capacity 12709K, committed 12716K, reserved 1048576K
Event: 1685.656 GC heap after
Heap after GC invocations=38 (full 3):
 PSYoungGen      total 76800K, used 17148K [0x00000000e0000000, 0x00000000e7400000, 0x0000000100000000)
  eden space 59392K, 0% used [0x00000000e0000000,0x00000000e0000000,0x00000000e3a00000)
  from space 17408K, 98% used [0x00000000e3c00000,0x00000000e4cbf058,0x00000000e4d00000)
  to   space 29696K, 0% used [0x00000000e5700000,0x00000000e5700000,0x00000000e7400000)
 ParOldGen       total 65536K, used 55101K [0x00000000a0000000, 0x00000000a4000000, 0x00000000e0000000)
  object space 65536K, 84% used [0x00000000a0000000,0x00000000a35cf440,0x00000000a4000000)
 Metaspace       used 91252K, capacity 95054K, committed 95148K, reserved 1132544K
  class space    used 11888K, capacity 12709K, committed 12716K, reserved 1048576K
}
Event: 1685.656 GC heap before
{Heap before GC invocations=39 (full 4):
 PSYoungGen      total 76800K, used 17148K [0x00000000e0000000, 0x00000000e7400000, 0x0000000100000000)
  eden space 59392K, 0% used [0x00000000e0000000,0x00000000e0000000,0x00000000e3a00000)
  from space 17408K, 98% used [0x00000000e3c00000,0x00000000e4cbf058,0x00000000e4d00000)
  to   space 29696K, 0% used [0x00000000e5700000,0x00000000e5700000,0x00000000e7400000)
 ParOldGen       total 65536K, used 55101K [0x00000000a0000000, 0x00000000a4000000, 0x00000000e0000000)
  object space 65536K, 84% used [0x00000000a0000000,0x00000000a35cf440,0x00000000a4000000)
 Metaspace       used 91252K, capacity 95054K, committed 95148K, reserved 1132544K
  class space    used 11888K, capacity 12709K, committed 12716K, reserved 1048576K

